2023-05-25 23:20:18,483 INFO (interceptor.py:27) - ####### start getNlc() method....
2023-05-25 23:20:18,484 INFO (interceptor.py:47) - ####### end getNlc() method....
2023-05-26 08:34:24,037 INFO (interceptor.py:27) - ####### start getNlc() method....
2023-05-26 08:34:24,038 INFO (interceptor.py:47) - ####### end getNlc() method....
2023-05-26 08:36:13,202 INFO (interceptor.py:27) - ####### start getNlc() method....
2023-05-26 08:36:13,203 INFO (interceptor.py:47) - ####### end getNlc() method....
2023-05-26 08:37:15,810 INFO (interceptor.py:27) - ####### start getModelList() method....
2023-05-26 08:37:18,840 INFO (interceptor.py:47) - ####### end getModelList() method....
2023-05-26 09:03:01,037 INFO (interceptor.py:27) - ####### start getNlc() method....
2023-05-26 09:03:01,038 INFO (interceptor.py:47) - ####### end getNlc() method....
2023-05-26 09:18:27,392 INFO (interceptor.py:27) - ####### start getNlc() method....
2023-05-26 09:21:08,184 INFO (interceptor.py:27) - ####### start getNlc() method....
2023-05-26 09:21:08,185 INFO (interceptor.py:47) - ####### end getNlc() method....
2023-05-26 09:21:49,264 INFO (interceptor.py:27) - ####### start getNlc() method....
2023-05-26 09:21:49,265 INFO (interceptor.py:47) - ####### end getNlc() method....
2023-05-26 09:26:44,783 INFO (interceptor.py:27) - ####### start getModelList() method....
2023-05-26 09:27:16,047 INFO (interceptor.py:27) - ####### start getModelList() method....
2023-05-26 09:27:19,239 INFO (interceptor.py:47) - ####### end getModelList() method....
2023-05-26 09:32:35,416 INFO (interceptor.py:31) - ####### start getNlc() method....
2023-05-26 09:32:35,417 INFO (interceptor.py:51) - ####### end getNlc() method....
2023-05-26 09:32:42,758 INFO (interceptor.py:31) - ####### start getModelList() method....
2023-05-26 09:32:45,910 INFO (interceptor.py:51) - ####### end getModelList() method....
2023-05-26 09:36:25,559 INFO (interceptor.py:32) - ####### start getModelList() method....
2023-05-26 09:37:10,695 INFO (interceptor.py:32) - ####### start getModelList() method....
2023-05-26 09:37:13,862 INFO (interceptor.py:52) - ####### end getModelList() method....
2023-05-26 09:37:46,790 INFO (interceptor.py:32) - ####### start getModelList() method....
2023-05-26 09:37:49,984 INFO (interceptor.py:52) - ####### end getModelList() method....
2023-05-26 09:39:08,975 INFO (interceptor.py:32) - ####### start getModelList() method....
2023-05-26 09:39:12,335 INFO (interceptor.py:52) - ####### end getModelList() method....
2023-05-26 09:47:13,870 INFO (interceptor.py:31) - ####### start getModelList() method....
2023-05-26 10:53:11,571 INFO (interceptor.py:34) - ####### start getModelList() method....
2023-05-26 10:53:14,624 INFO (interceptor.py:54) - ####### end getModelList() method....
2023-05-26 10:53:44,040 INFO (interceptor.py:35) - ####### start getModelList() method....
2023-05-26 10:53:47,281 INFO (interceptor.py:55) - ####### end getModelList() method....
2023-05-26 11:00:07,711 INFO (interceptor.py:28) - ####### start getModelList() method....
2023-05-26 11:00:10,893 INFO (interceptor.py:48) - ####### end getModelList() method....
2023-05-26 11:01:47,509 INFO (interceptor.py:28) - ####### start getModelList() method....
2023-05-26 11:01:50,494 INFO (interceptor.py:48) - ####### end getModelList() method....
2023-05-26 11:19:50,870 INFO (interceptor.py:27) - ####### start reqSimulation() method....
2023-05-26 11:19:50,871 INFO (interceptor.py:47) - ####### end reqSimulation() method....
2023-05-26 11:25:35,159 INFO (interceptor.py:27) - ####### start reqSimulation() method....
2023-05-26 11:25:35,161 INFO (interceptor.py:47) - ####### end reqSimulation() method....
