2023-06-01 15:46:03,511 INFO (interceptor.py:27) - ####### start getNlc() method....
2023-06-01 15:46:03,512 INFO (interceptor.py:50) - ####### end getNlc() method....
2023-06-01 15:47:39,155 INFO (interceptor.py:27) - ####### start getNlc() method....
2023-06-01 15:47:39,156 INFO (interceptor.py:50) - ####### end getNlc() method....
2023-06-01 15:51:48,701 INFO (interceptor.py:27) - ####### start getNlc() method....
2023-06-01 15:51:48,701 INFO (interceptor.py:50) - ####### end getNlc() method....
2023-06-01 15:53:34,252 INFO (interceptor.py:27) - ####### start getNlc() method....
2023-06-01 15:53:34,264 INFO (interceptor.py:50) - ####### end getNlc() method....
2023-06-01 15:59:48,989 INFO (interceptor.py:27) - ####### start getItn() method....
2023-06-01 15:59:48,990 INFO (interceptor.py:50) - ####### end getItn() method....
2023-06-01 16:00:00,227 INFO (interceptor.py:27) - ####### start getItn() method....
2023-06-01 16:00:00,228 INFO (interceptor.py:50) - ####### end getItn() method....
2023-06-01 16:01:46,541 INFO (interceptor.py:27) - ####### start getItn() method....
2023-06-01 16:01:46,541 INFO (interceptor.py:50) - ####### end getItn() method....
2023-06-01 16:04:07,828 INFO (interceptor.py:29) - ####### start getItn() method....
2023-06-01 16:04:07,829 INFO (interceptor.py:52) - ####### end getItn() method....
2023-06-01 16:04:39,251 INFO (interceptor.py:29) - ####### start getNlc() method....
2023-06-01 16:04:39,252 INFO (interceptor.py:52) - ####### end getNlc() method....
2023-06-01 16:05:46,493 INFO (interceptor.py:29) - ####### start getNlc() method....
2023-06-01 16:05:46,494 INFO (interceptor.py:52) - ####### end getNlc() method....
2023-06-01 16:07:23,650 INFO (interceptor.py:29) - ####### start getNlc() method....
2023-06-01 16:07:23,652 INFO (interceptor.py:52) - ####### end getNlc() method....
2023-06-01 16:10:35,266 INFO (interceptor.py:29) - ####### start getNlc() method....
2023-06-01 16:10:35,267 INFO (interceptor.py:52) - ####### end getNlc() method....
2023-06-01 16:12:32,977 INFO (interceptor.py:29) - ####### start getItn() method....
2023-06-01 16:12:32,978 INFO (interceptor.py:52) - ####### end getItn() method....
2023-06-01 16:23:11,809 INFO (interceptor.py:29) - ####### start getNlc() method....
2023-06-01 16:23:11,810 INFO (interceptor.py:52) - ####### end getNlc() method....
2023-06-01 16:24:46,729 INFO (interceptor.py:29) - ####### start getNlc() method....
2023-06-01 16:24:46,730 INFO (interceptor.py:52) - ####### end getNlc() method....
2023-06-01 16:46:49,647 INFO (interceptor.py:27) - ####### start getItn() method....
2023-06-01 16:46:49,649 INFO (interceptor.py:49) - ####### end getItn() method....
2023-06-01 17:13:23,326 INFO (interceptor.py:27) - ####### start getNlc() method....
2023-06-01 17:13:23,327 INFO (interceptor.py:53) - ####### end getNlc() method....
2023-06-01 17:21:50,637 INFO (interceptor.py:27) - ####### start getNlc() method....
2023-06-01 17:21:50,638 INFO (interceptor.py:53) - ####### end getNlc() method....
2023-06-01 17:23:36,412 INFO (interceptor.py:27) - ####### start getNlc() method....
2023-06-01 17:23:36,412 INFO (interceptor.py:53) - ####### end getNlc() method....
2023-06-01 17:25:11,870 INFO (interceptor.py:27) - ####### start getNlc() method....
2023-06-01 17:25:11,871 INFO (interceptor.py:53) - ####### end getNlc() method....
2023-06-01 17:37:09,842 INFO (interceptor.py:27) - ####### start getItn() method....
2023-06-01 17:37:09,843 INFO (interceptor.py:53) - ####### end getItn() method....
2023-06-01 17:59:27,586 INFO (interceptor.py:45) - ####### start getNlc() method....
2023-06-01 17:59:27,587 INFO (interceptor.py:71) - ####### end getNlc() method....
2023-06-01 18:17:47,026 INFO (interceptor.py:36) - ####### start getNlc() method....
2023-06-01 18:17:47,027 INFO (interceptor.py:66) - ####### end getNlc() method....
2023-06-01 18:18:03,231 INFO (interceptor.py:36) - ####### start getModelList() method....
2023-06-01 18:18:06,651 INFO (interceptor.py:66) - ####### end getModelList() method....
2023-06-01 18:18:42,168 INFO (interceptor.py:36) - ####### start getItn() method....
2023-06-01 18:18:42,169 INFO (interceptor.py:66) - ####### end getItn() method....
2023-06-01 18:26:59,389 INFO (interceptor.py:36) - ####### start getNlc() method....
2023-06-01 18:26:59,391 INFO (interceptor.py:65) - ####### end getNlc() method....
