2023-05-31 08:37:44,889 INFO (interceptor.py:27) - ####### start getNlc() method....
2023-05-31 08:37:44,891 INFO (interceptor.py:47) - ####### end getNlc() method....
2023-05-31 08:37:49,266 INFO (interceptor.py:27) - ####### start reqSimulation() method....
2023-05-31 08:37:49,268 INFO (interceptor.py:47) - ####### end reqSimulation() method....
2023-05-31 08:37:52,528 INFO (interceptor.py:27) - ####### start getModelList() method....
2023-05-31 08:37:56,058 INFO (interceptor.py:47) - ####### end getModelList() method....
2023-05-31 08:40:44,050 INFO (interceptor.py:27) - ####### start reqSimulation() method....
2023-05-31 08:40:44,062 INFO (interceptor.py:47) - ####### end reqSimulation() method....
2023-05-31 08:44:49,513 INFO (interceptor.py:27) - ####### start getModelList() method....
2023-05-31 08:44:52,779 INFO (interceptor.py:47) - ####### end getModelList() method....
2023-05-31 08:47:24,898 INFO (interceptor.py:27) - ####### start getModelList() method....
2023-05-31 08:48:54,249 INFO (interceptor.py:27) - ####### start getModelList() method....
2023-05-31 08:49:35,479 INFO (interceptor.py:27) - ####### start getNlc() method....
2023-05-31 09:04:12,549 INFO (interceptor.py:27) - ####### start getModelList() method....
2023-05-31 09:04:14,277 INFO (interceptor.py:47) - ####### end getModelList() method....
2023-05-31 09:19:27,183 INFO (interceptor.py:27) - ####### start getNlc() method....
2023-05-31 09:19:27,184 INFO (interceptor.py:47) - ####### end getNlc() method....
2023-05-31 09:19:30,812 INFO (interceptor.py:27) - ####### start getModelList() method....
2023-05-31 09:19:33,840 INFO (interceptor.py:47) - ####### end getModelList() method....
2023-05-31 09:19:36,004 INFO (interceptor.py:27) - ####### start reqSimulation() method....
2023-05-31 09:19:36,006 INFO (interceptor.py:47) - ####### end reqSimulation() method....
2023-05-31 09:20:16,294 INFO (interceptor.py:27) - ####### start reqSimulation() method....
2023-05-31 09:20:16,295 INFO (interceptor.py:47) - ####### end reqSimulation() method....
2023-05-31 09:33:56,471 INFO (interceptor.py:27) - ####### start getNlc() method....
2023-05-31 09:33:56,473 INFO (interceptor.py:47) - ####### end getNlc() method....
2023-05-31 09:34:00,278 INFO (interceptor.py:27) - ####### start reqSimulation() method....
2023-05-31 09:34:00,280 INFO (interceptor.py:47) - ####### end reqSimulation() method....
2023-05-31 09:34:04,556 INFO (interceptor.py:27) - ####### start getModelList() method....
2023-05-31 09:34:07,532 INFO (interceptor.py:47) - ####### end getModelList() method....
2023-05-31 09:34:10,118 INFO (interceptor.py:27) - ####### start reqSimulation() method....
2023-05-31 09:34:10,119 INFO (interceptor.py:47) - ####### end reqSimulation() method....
2023-05-31 09:34:39,296 INFO (interceptor.py:27) - ####### start getItn() method....
2023-05-31 09:36:25,043 INFO (interceptor.py:27) - ####### start getItn() method....
2023-05-31 09:37:17,981 INFO (interceptor.py:27) - ####### start getItn() method....
2023-05-31 09:37:17,982 INFO (interceptor.py:47) - ####### end getItn() method....
