2023-05-30 08:39:46,537 INFO (interceptor.py:27) - ####### start reqSimulation() method....
2023-05-30 08:39:46,566 INFO (interceptor.py:47) - ####### end reqSimulation() method....
2023-05-30 09:09:30,888 INFO (interceptor.py:27) - ####### start getNlc() method....
2023-05-30 09:09:30,889 INFO (interceptor.py:47) - ####### end getNlc() method....
2023-05-30 09:09:38,134 INFO (interceptor.py:27) - ####### start getModelList() method....
2023-05-30 09:09:41,395 INFO (interceptor.py:47) - ####### end getModelList() method....
2023-05-30 09:09:45,369 INFO (interceptor.py:27) - ####### start reqSimulation() method....
2023-05-30 09:09:45,384 INFO (interceptor.py:47) - ####### end reqSimulation() method....
2023-05-30 09:11:36,449 INFO (interceptor.py:27) - ####### start getModelList() method....
2023-05-30 09:11:39,458 INFO (interceptor.py:47) - ####### end getModelList() method....
2023-05-30 09:29:03,017 INFO (interceptor.py:27) - ####### start getNlc() method....
2023-05-30 09:29:03,018 INFO (interceptor.py:47) - ####### end getNlc() method....
2023-05-30 09:37:28,653 INFO (interceptor.py:27) - ####### start reqSimulation() method....
2023-05-30 09:37:28,654 INFO (interceptor.py:47) - ####### end reqSimulation() method....
2023-05-30 09:37:56,271 INFO (interceptor.py:27) - ####### start getModelList() method....
2023-05-30 09:37:56,768 INFO (interceptor.py:27) - ####### start getModelList() method....
2023-05-30 09:37:56,768 INFO (interceptor.py:27) - ####### start getModelList() method....
2023-05-30 09:37:57,965 INFO (interceptor.py:47) - ####### end getModelList() method....
2023-05-30 09:37:57,965 INFO (interceptor.py:47) - ####### end getModelList() method....
2023-05-30 09:39:37,357 INFO (interceptor.py:27) - ####### start getNlc() method....
2023-05-30 09:39:37,359 INFO (interceptor.py:47) - ####### end getNlc() method....
2023-05-30 09:39:37,575 INFO (interceptor.py:27) - ####### start reqSimulation() method....
2023-05-30 09:39:37,577 INFO (interceptor.py:47) - ####### end reqSimulation() method....
2023-05-30 13:26:38,071 INFO (interceptor.py:27) - ####### start getNlc() method....
2023-05-30 13:26:38,071 INFO (interceptor.py:47) - ####### end getNlc() method....
2023-05-30 13:26:49,192 INFO (interceptor.py:27) - ####### start reqSimulation() method....
2023-05-30 13:26:49,193 INFO (interceptor.py:47) - ####### end reqSimulation() method....
2023-05-30 13:26:53,960 INFO (interceptor.py:27) - ####### start getModelList() method....
2023-05-30 13:26:57,044 INFO (interceptor.py:47) - ####### end getModelList() method....
2023-05-30 13:28:17,724 INFO (interceptor.py:27) - ####### start getModelList() method....
2023-05-30 13:28:20,746 INFO (interceptor.py:47) - ####### end getModelList() method....
2023-05-30 16:56:45,626 INFO (interceptor.py:27) - ####### start getNlc() method....
2023-05-30 16:56:45,638 INFO (interceptor.py:47) - ####### end getNlc() method....
2023-05-30 16:56:48,547 INFO (interceptor.py:27) - ####### start reqSimulation() method....
2023-05-30 16:56:48,549 INFO (interceptor.py:47) - ####### end reqSimulation() method....
2023-05-30 16:56:51,650 INFO (interceptor.py:27) - ####### start getModelList() method....
2023-05-30 16:56:54,796 INFO (interceptor.py:47) - ####### end getModelList() method....
2023-05-30 16:58:53,570 INFO (interceptor.py:27) - ####### start getModelList() method....
2023-05-30 17:00:18,025 INFO (interceptor.py:27) - ####### start getModelList() method....
2023-05-30 17:04:56,595 INFO (interceptor.py:27) - ####### start getNlc() method....
2023-05-30 17:04:56,622 INFO (interceptor.py:47) - ####### end getNlc() method....
2023-05-30 17:05:00,129 INFO (interceptor.py:27) - ####### start getModelList() method....
2023-05-30 17:06:29,345 INFO (interceptor.py:27) - ####### start getModelList() method....
2023-05-30 17:09:09,898 INFO (interceptor.py:27) - ####### start getModelList() method....
2023-05-30 17:09:50,553 INFO (interceptor.py:27) - ####### start getModelList() method....
2023-05-30 17:09:53,647 INFO (interceptor.py:47) - ####### end getModelList() method....
2023-05-30 17:10:31,521 INFO (interceptor.py:27) - ####### start getModelList() method....
2023-05-30 17:10:34,016 INFO (interceptor.py:47) - ####### end getModelList() method....
2023-05-30 17:10:42,856 INFO (interceptor.py:27) - ####### start getModelList() method....
2023-05-30 17:10:46,116 INFO (interceptor.py:47) - ####### end getModelList() method....
2023-05-30 17:17:01,464 INFO (interceptor.py:27) - ####### start getModelList() method....
2023-05-30 17:17:04,846 INFO (interceptor.py:47) - ####### end getModelList() method....
2023-05-30 17:19:18,017 INFO (interceptor.py:27) - ####### start getModelList() method....
2023-05-30 17:19:21,330 INFO (interceptor.py:47) - ####### end getModelList() method....
2023-05-30 17:21:36,074 INFO (interceptor.py:30) - ####### start getModelList() method....
2023-05-30 17:21:39,048 INFO (interceptor.py:50) - ####### end getModelList() method....
2023-05-30 17:23:18,080 INFO (interceptor.py:27) - ####### start getModelList() method....
2023-05-30 17:23:21,434 INFO (interceptor.py:47) - ####### end getModelList() method....
2023-05-30 17:24:55,634 INFO (interceptor.py:27) - ####### start getModelList() method....
2023-05-30 17:24:58,657 INFO (interceptor.py:47) - ####### end getModelList() method....
2023-05-30 17:32:57,659 INFO (interceptor.py:27) - ####### start getNlc() method....
2023-05-30 17:32:57,660 INFO (interceptor.py:47) - ####### end getNlc() method....
